{
    "timestamp": "22-05-2023 @ 14:04:59",
    "request": "__main__",
    "source_ip": "192.168.10.66",
    "log_type": "INFO",
    "log_content": "[FLASK] Starting Flask Server..."
}{
    "timestamp": "23-05-2023 @ 09:40:33",
    "request": "__main__",
    "source_ip": "192.168.10.66",
    "log_type": "INFO",
    "log_content": "[FLASK] Starting Flask Server..."
}{
    "timestamp": "23-05-2023 @ 14:39:25",
    "request": "__main__",
    "source_ip": "192.168.10.66",
    "log_type": "INFO",
    "log_content": "[FLASK] Starting Flask Server..."
}{
    "timestamp": "23-05-2023 @ 14:44:20",
    "request": "__main__",
    "source_ip": "192.168.10.66",
    "log_type": "INFO",
    "log_content": "[FLASK] Starting Flask Server..."
}{
    "timestamp": "23-05-2023 @ 14:45:15",
    "request": "__main__",
    "source_ip": "192.168.10.66",
    "log_type": "INFO",
    "log_content": "[FLASK] Starting Flask Server..."
}{
    "timestamp": "23-05-2023 @ 14:45:41",
    "request": "__main__",
    "source_ip": "192.168.10.66",
    "log_type": "INFO",
    "log_content": "[FLASK] Starting Flask Server..."
}{
    "timestamp": "23-05-2023 @ 14:46:02",
    "request": "__main__",
    "source_ip": "192.168.10.66",
    "log_type": "INFO",
    "log_content": "[FLASK] Starting Flask Server..."
}{
    "timestamp": "23-05-2023 @ 14:47:57",
    "request": "__main__",
    "source_ip": "192.168.10.66",
    "log_type": "INFO",
    "log_content": "[FLASK] Starting Flask Server..."
}{
    "timestamp": "23-05-2023 @ 14:48:56",
    "request": "__main__",
    "source_ip": "192.168.10.66",
    "log_type": "INFO",
    "log_content": "[FLASK] Starting Flask Server..."
}{
    "timestamp": "23-05-2023 @ 14:49:16",
    "request": "__main__",
    "source_ip": "192.168.10.66",
    "log_type": "INFO",
    "log_content": "[FLASK] Starting Flask Server..."
}{
    "timestamp": "23-05-2023 @ 14:49:31",
    "request": "__main__",
    "source_ip": "192.168.10.66",
    "log_type": "INFO",
    "log_content": "[FLASK] Starting Flask Server..."
}{
    "timestamp": "23-05-2023 @ 14:57:12",
    "request": "__main__",
    "source_ip": "192.168.10.66",
    "log_type": "INFO",
    "log_content": "[FLASK] Starting Flask Server..."
}{
    "timestamp": "23-05-2023 @ 14:58:14",
    "request": "__main__",
    "source_ip": "192.168.10.66",
    "log_type": "INFO",
    "log_content": "[FLASK] Starting Flask Server..."
}{
    "timestamp": "23-05-2023 @ 15:01:01",
    "request": "__main__",
    "source_ip": "192.168.10.66",
    "log_type": "INFO",
    "log_content": "[FLASK] Starting Flask Server..."
}{
    "timestamp": "23-05-2023 @ 15:01:04",
    "request": "__main__",
    "source_ip": "192.168.10.66",
    "log_type": "INFO",
    "log_content": "[FLASK] Starting Flask Server..."
}{
    "timestamp": "23-05-2023 @ 15:01:51",
    "request": "__main__",
    "source_ip": "192.168.10.66",
    "log_type": "INFO",
    "log_content": "[FLASK] Starting Flask Server..."
}{
    "timestamp": "23-05-2023 @ 15:03:42",
    "request": "__main__",
    "source_ip": "192.168.10.66",
    "log_type": "INFO",
    "log_content": "[FLASK] Starting Flask Server..."
}{
    "timestamp": "23-05-2023 @ 15:04:23",
    "request": "__main__",
    "source_ip": "192.168.10.66",
    "log_type": "INFO",
    "log_content": "[FLASK] Starting Flask Server..."
}{
    "timestamp": "23-05-2023 @ 15:06:06",
    "request": "__main__",
    "source_ip": "192.168.10.66",
    "log_type": "INFO",
    "log_content": "[FLASK] Starting Flask Server..."
}{
    "timestamp": "23-05-2023 @ 15:08:23",
    "request": "__main__",
    "source_ip": "192.168.10.66",
    "log_type": "INFO",
    "log_content": "[FLASK] Starting Flask Server..."
}{
    "timestamp": "23-05-2023 @ 15:08:47",
    "request": "__main__",
    "source_ip": "192.168.10.66",
    "log_type": "INFO",
    "log_content": "[FLASK] Starting Flask Server..."
}{
    "timestamp": "23-05-2023 @ 15:09:37",
    "request": "__main__",
    "source_ip": "192.168.10.66",
    "log_type": "INFO",
    "log_content": "[FLASK] Starting Flask Server..."
}{
    "timestamp": "23-05-2023 @ 15:09:56",
    "request": "__main__",
    "source_ip": "192.168.10.66",
    "log_type": "INFO",
    "log_content": "[FLASK] Starting Flask Server..."
}{
    "timestamp": "23-05-2023 @ 15:11:55",
    "request": "__main__",
    "source_ip": "192.168.10.66",
    "log_type": "INFO",
    "log_content": "[FLASK] Starting Flask Server..."
}{
    "timestamp": "23-05-2023 @ 15:12:22",
    "request": "__main__",
    "source_ip": "192.168.10.66",
    "log_type": "INFO",
    "log_content": "[FLASK] Starting Flask Server..."
}{
    "timestamp": "23-05-2023 @ 15:12:54",
    "request": "__main__",
    "source_ip": "192.168.10.66",
    "log_type": "INFO",
    "log_content": "[FLASK] Starting Flask Server..."
}{
    "timestamp": "23-05-2023 @ 15:13:18",
    "request": "__main__",
    "source_ip": "192.168.10.66",
    "log_type": "INFO",
    "log_content": "[FLASK] Starting Flask Server..."
}{
    "timestamp": "23-05-2023 @ 15:14:46",
    "request": "__main__",
    "source_ip": "192.168.10.66",
    "log_type": "INFO",
    "log_content": "[FLASK] Starting Flask Server..."
}{
    "timestamp": "23-05-2023 @ 15:15:24",
    "request": "__main__",
    "source_ip": "192.168.10.66",
    "log_type": "INFO",
    "log_content": "[FLASK] Starting Flask Server..."
}{
    "timestamp": "23-05-2023 @ 15:16:37",
    "request": "__main__",
    "source_ip": "192.168.10.66",
    "log_type": "INFO",
    "log_content": "[FLASK] Starting Flask Server..."
}{
    "timestamp": "23-05-2023 @ 15:17:04",
    "request": "__main__",
    "source_ip": "192.168.10.66",
    "log_type": "INFO",
    "log_content": "[FLASK] Starting Flask Server..."
}{
    "timestamp": "23-05-2023 @ 15:18:45",
    "request": "__main__",
    "source_ip": "192.168.10.66",
    "log_type": "INFO",
    "log_content": "[FLASK] Starting Flask Server..."
}{
    "timestamp": "23-05-2023 @ 15:19:33",
    "request": "__main__",
    "source_ip": "192.168.10.66",
    "log_type": "INFO",
    "log_content": "[FLASK] Starting Flask Server..."
}{
    "timestamp": "23-05-2023 @ 15:22:07",
    "request": "__main__",
    "source_ip": "192.168.10.66",
    "log_type": "INFO",
    "log_content": "[FLASK] Starting Flask Server..."
}{
    "timestamp": "23-05-2023 @ 15:23:40",
    "request": "__main__",
    "source_ip": "192.168.10.66",
    "log_type": "INFO",
    "log_content": "[FLASK] Starting Flask Server..."
}{
    "timestamp": "24-05-2023 @ 06:30:43",
    "request": "__main__",
    "source_ip": "192.168.10.66",
    "log_type": "INFO",
    "log_content": "[FLASK] Starting Flask Server..."
}{
    "timestamp": "26-05-2023 @ 09:01:38",
    "request": "__main__",
    "source_ip": "192.168.10.66",
    "log_type": "INFO",
    "log_content": "[FLASK] Starting Flask Server..."
}{
    "timestamp": "26-05-2023 @ 09:16:42",
    "request": "__main__",
    "source_ip": "192.168.10.66",
    "log_type": "INFO",
    "log_content": "[FLASK] Starting Flask Server..."
}{
    "timestamp": "26-05-2023 @ 09:18:14",
    "request": "__main__",
    "source_ip": "192.168.10.66",
    "log_type": "INFO",
    "log_content": "[FLASK] Starting Flask Server..."
}{
    "timestamp": "26-05-2023 @ 09:21:04",
    "request": "__main__",
    "source_ip": "192.168.10.66",
    "log_type": "INFO",
    "log_content": "[FLASK] Starting Flask Server..."
}{
    "timestamp": "26-05-2023 @ 09:22:21",
    "request": "__main__",
    "source_ip": "192.168.10.66",
    "log_type": "INFO",
    "log_content": "[FLASK] Starting Flask Server..."
}{
    "timestamp": "26-05-2023 @ 09:25:01",
    "request": "__main__",
    "source_ip": "192.168.10.66",
    "log_type": "INFO",
    "log_content": "[FLASK] Starting Flask Server..."
}{
    "timestamp": "26-05-2023 @ 09:26:04",
    "request": "__main__",
    "source_ip": "192.168.10.66",
    "log_type": "INFO",
    "log_content": "[FLASK] Starting Flask Server..."
}{
    "timestamp": "26-05-2023 @ 09:26:38",
    "request": "__main__",
    "source_ip": "192.168.10.66",
    "log_type": "INFO",
    "log_content": "[FLASK] Starting Flask Server..."
}{
    "timestamp": "26-05-2023 @ 09:27:02",
    "request": "__main__",
    "source_ip": "192.168.10.66",
    "log_type": "INFO",
    "log_content": "[FLASK] Starting Flask Server..."
}